<?xml version="1.0" encoding="UTF-8"?>
<!-- Generated by org.testng.reporters.JUnitXMLReporter -->
<testsuite ignored="0" hostname="Rajeev" failures="1" tests="1" name="DisplayTest" time="31.338" errors="0" timestamp="2020-12-10T18:34:46 GMT">
  <testcase classname="Academy.End2EndProject.Validatetext" name="textvalidation" time="0.311">
    <failure type="java.lang.AssertionError" message="expected [FEATURED COURSES123] but found [FEATURED COURSES]">
      <![CDATA[java.lang.AssertionError: expected [FEATURED COURSES123] but found [FEATURED COURSES]
at Academy.End2EndProject.Validatetext.textvalidation(Validatetext.java:35)
at java.base/java.util.ArrayList.forEach(ArrayList.java:1511)
... Removed 33 stack frames]]>
    </failure>
  </testcase> <!-- textvalidation -->
</testsuite> <!-- DisplayTest -->
