<?xml version="1.0" encoding="UTF-8"?>
<!-- Generated by org.testng.reporters.JUnitXMLReporter -->
<testsuite ignored="0" hostname="Rajeev" failures="0" tests="3" name="Test" time="36.888" errors="0" timestamp="2020-11-17T05:13:42 GMT">
  <testcase classname="Academy.End2EndProject.Validatetext" name="secondcase" time="0.562"/>
  <testcase classname="Academy.End2EndProject.Validatedisplay" name="secondcase" time="0.139"/>
  <testcase classname="Academy.End2EndProject.FirstProject" name="basePageNavigation" time="3.997"/>
</testsuite> <!-- Test -->
