<?xml version="1.0" encoding="UTF-8"?>
<!-- Generated by org.testng.reporters.JUnitXMLReporter -->
<testsuite ignored="0" hostname="Rajeev" failures="0" tests="3" name="Test" time="30.082" errors="0" timestamp="2020-11-17T05:42:38 GMT">
  <testcase classname="Academy.End2EndProject.Validatetext" name="secondcase" time="0.681"/>
  <testcase classname="Academy.End2EndProject.Validatedisplay" name="secondcase" time="0.157"/>
  <testcase classname="Academy.End2EndProject.FirstProject" name="basePageNavigation" time="3.145"/>
</testsuite> <!-- Test -->
